2017-08-25 17:27:22.382/2.081 Oracle Coherence 12.2.1.2.0 <Info> (thread=main, member=n/a): Loaded operational configuration from "jar:file:/D:/opt/oracle/middleware/oracle_home/coherence/lib/coherence.jar!/tangosol-coherence.xml"
2017-08-25 17:27:22.437/2.136 Oracle Coherence 12.2.1.2.0 <Info> (thread=main, member=n/a): Loaded operational overrides from "jar:file:/D:/opt/oracle/middleware/oracle_home/coherence/lib/coherence.jar!/tangosol-coherence-override-dev.xml"
2017-08-25 17:27:22.439/2.138 Oracle Coherence 12.2.1.2.0 <D5> (thread=main, member=n/a): Optional configuration override "/tangosol-coherence-override.xml" is not specified
2017-08-25 17:27:22.441/2.140 Oracle Coherence 12.2.1.2.0 <D5> (thread=main, member=n/a): Optional configuration override "cache-factory-config.xml" is not specified
2017-08-25 17:27:22.443/2.142 Oracle Coherence 12.2.1.2.0 <D5> (thread=main, member=n/a): Optional configuration override "cache-factory-builder-config.xml" is not specified
2017-08-25 17:27:22.444/2.143 Oracle Coherence 12.2.1.2.0 <D5> (thread=main, member=n/a): Optional configuration override "/custom-mbeans.xml" is not specified

Oracle Coherence Version 12.2.1.2.0 Build 65221
 Grid Edition: Development mode
Copyright (c) 2000, 2016, Oracle and/or its affiliates. All rights reserved.

2017-08-25 17:27:22.560/2.258 Oracle Coherence GE 12.2.1.2.0 <Info> (thread=main, member=n/a): Created cache factory com.tangosol.net.DefaultConfigurableCacheFactory
2017-08-25 17:27:23.082/2.781 Oracle Coherence GE 12.2.1.2.0 <Info> (thread=main, member=n/a): The cluster name has not been configured, a value of "93331899's cluster" has been automatically generated
ago 25, 2017 5:27:23 PM oracle.dms.instrument.Noun findOrCreateByPath
ADVERTÊNCIA: Tentativa de criar um nome /DMS-Internal preexistente, do tipo n/a, com um tipo de conflito n/d.
ago 25, 2017 5:27:23 PM oracle.soa.scac.ValidateComposite loadWSDLs
ADVERTÊNCIA: Validating WSDLs from WSDLManager....  with option UseSoaInfraMds:false
ago 25, 2017 5:27:23 PM oracle.fabric.common.wsdl.SchemaManager isIncrementalBuildSupported
INFORMAÇÕES: XMLSchema incremental build enabled.
Falha na validação do esquema com a exceção "null"
oracle.xml.parser.schema.XSDException
	at oracle.xml.parser.schema.XSDBuilder.buildSchema(XSDBuilder.java:1127)
	at oracle.xml.parser.schema.XSDBuilder.build(XSDBuilder.java:633)
	at oracle.soa.scac.ValidationFaultUtil.validateSourceWithSchema(ValidationFaultUtil.java:182)
	at oracle.soa.scac.ValidationFaultUtil.validateWithSchema(ValidationFaultUtil.java:241)
	at oracle.soa.scac.ValidationFaultUtil.validateWithSchema(ValidationFaultUtil.java:225)
	at oracle.soa.scac.ValidateComposite.validateFaultPolicy(ValidateComposite.java:1402)
	at oracle.soa.scac.ValidateComposite.doValidation0(ValidateComposite.java:607)
	at oracle.soa.scac.ValidateComposite.doValidation(ValidateComposite.java:580)
	at oracle.soa.scac.ValidateComposite.run0(ValidateComposite.java:228)
	at oracle.soa.scac.ValidateComposite.run(ValidateComposite.java:209)
	at oracle.soa.scac.ValidateComposite.main(ValidateComposite.java:201)
Java HotSpot(TM) 64-Bit Server VM warning: ignoring option PermSize=32m; support was removed in 8.0
Java HotSpot(TM) 64-Bit Server VM warning: ignoring option MaxPermSize=256m; support was removed in 8.0
